<?xml version="1.0" encoding="UTF-8"?>
<testsuite xmlns:xsi="http://www.w3.org/2001/XMLSchema-instance" xsi:noNamespaceSchemaLocation="https://maven.apache.org/surefire/maven-surefire-plugin/xsd/surefire-test-report.xsd" name="com.bootcamp.be_java_hisp_w16_g10.service.UserServiceTest" time="0.705" tests="24" errors="0" skipped="0" failures="0">
  <properties>
[...]
</properties>
  <testcase name="shouldRiseBadRequestException_whenTryToUnfollowTheSameId" classname="com.bootcamp.be_java_hisp_w16_g10.service.UserServiceTest" time="0.385"/>
  <testcase name="shouldFollowTheUser" classname="com.bootcamp.be_java_hisp_w16_g10.service.UserServiceTest" time="0.145"/>
  <testcase name="shouldReturnBadRequestExceptionInCountFollowers" classname="com.bootcamp.be_java_hisp_w16_g10.service.UserServiceTest" time="0.014"/>
  <testcase name="shouldFindById" classname="com.bootcamp.be_java_hisp_w16_g10.service.UserServiceTest" time="0.005"/>
  <testcase name="shouldReturnBadRequestExceptionIsNotSellerInListFollowers" classname="com.bootcamp.be_java_hisp_w16_g10.service.UserServiceTest" time="0.005"/>
  <testcase name="shouldUnfollowASeller" classname="com.bootcamp.be_java_hisp_w16_g10.service.UserServiceTest" time="0.003"/>
  <testcase name="shouldRiseBadRequestException_whenTheUserIsNotBeingFollowed" classname="com.bootcamp.be_java_hisp_w16_g10.service.UserServiceTest" time="0.007"/>
  <testcase name="shouldRaiseAnException_whenTheUserToFollowIsNotASeller" classname="com.bootcamp.be_java_hisp_w16_g10.service.UserServiceTest" time="0.004"/>
  <testcase name="findAll" classname="com.bootcamp.be_java_hisp_w16_g10.service.UserServiceTest" time="0.005"/>
  <testcase name="shouldReturnOrderAscInListFollowed" classname="com.bootcamp.be_java_hisp_w16_g10.service.UserServiceTest" time="0.01"/>
  <testcase name="shouldReturnAUser_whenValidateUser" classname="com.bootcamp.be_java_hisp_w16_g10.service.UserServiceTest" time="0.002"/>
  <testcase name="shouldReturnOrderAscInListFollowers" classname="com.bootcamp.be_java_hisp_w16_g10.service.UserServiceTest" time="0.008"/>
  <testcase name="shouldReturnCountFollowers" classname="com.bootcamp.be_java_hisp_w16_g10.service.UserServiceTest" time="0.003"/>
  <testcase name="shouldReturnOrderDescInListFollowers" classname="com.bootcamp.be_java_hisp_w16_g10.service.UserServiceTest" time="0.005"/>
  <testcase name="validateUserNotFoundCountFollowers" classname="com.bootcamp.be_java_hisp_w16_g10.service.UserServiceTest" time="0.003"/>
  <testcase name="shouldReturnOrderDescInListFollowed" classname="com.bootcamp.be_java_hisp_w16_g10.service.UserServiceTest" time="0.003"/>
  <testcase name="shouldReturnBadRequestExceptionInvalidOrderInListFollowers" classname="com.bootcamp.be_java_hisp_w16_g10.service.UserServiceTest" time="0.004"/>
  <testcase name="shouldReturnBadRequestExceptionInvalidOrderInListFollowed" classname="com.bootcamp.be_java_hisp_w16_g10.service.UserServiceTest" time="0.003"/>
  <testcase name="shouldRaiseAnException_whenTheUserDoesNotExists" classname="com.bootcamp.be_java_hisp_w16_g10.service.UserServiceTest" time="0.002"/>
  <testcase name="shouldRaiseBadRequestException_whenTwoIdsAreEquals" classname="com.bootcamp.be_java_hisp_w16_g10.service.UserServiceTest" time="0.004"/>
  <testcase name="shouldRaiseAnException_whenTheUserToFollowDoesNotExists" classname="com.bootcamp.be_java_hisp_w16_g10.service.UserServiceTest" time="0.004"/>
  <testcase name="shouldRiseNotFoundException_whenFindByIdReturnsNull" classname="com.bootcamp.be_java_hisp_w16_g10.service.UserServiceTest" time="0.008"/>
  <testcase name="shouldThrowNotFoundException_whenUserNotFound" classname="com.bootcamp.be_java_hisp_w16_g10.service.UserServiceTest" time="0.004"/>
  <testcase name="shouldRaiseAnException_whenTheUserAlreadyFollowTheUser" classname="com.bootcamp.be_java_hisp_w16_g10.service.UserServiceTest" time="0.004"/>
</testsuite>