<?xml version="1.0" encoding="UTF-8"?>
<testsuite xmlns:xsi="http://www.w3.org/2001/XMLSchema-instance" xsi:noNamespaceSchemaLocation="https://maven.apache.org/surefire/maven-surefire-plugin/xsd/surefire-test-report.xsd" name="com.bootcamp.be_java_hisp_w16_g01.controllers.PostControllerTest" time="0.004" tests="2" errors="0" skipped="0" failures="0">
  <properties>
[...]
</properties>
  <testcase name="getFollowedPostsTest" classname="com.bootcamp.be_java_hisp_w16_g01.controllers.PostControllerTest" time="0.002"/>
  <testcase name="getFollowedPostsOrderTest" classname="com.bootcamp.be_java_hisp_w16_g01.controllers.PostControllerTest" time="0.001"/>
</testsuite>