<?xml version="1.0" encoding="UTF-8"?>
<testsuite xmlns:xsi="http://www.w3.org/2001/XMLSchema-instance" xsi:noNamespaceSchemaLocation="https://maven.apache.org/surefire/maven-surefire-plugin/xsd/surefire-test-report.xsd" name="com.meli.obtenerdiploma.ObetenerDiplomaApplicationTests" time="3.444" tests="3" errors="0" skipped="0" failures="0">
  <properties>
[...]
</properties>
  <testcase name="expectedTest1" classname="com.meli.obtenerdiploma.ObetenerDiplomaApplicationTests" time="0.667"/>
  <testcase name="expectedTest2" classname="com.meli.obtenerdiploma.ObetenerDiplomaApplicationTests" time="0.004"/>
  <testcase name="contextLoads" classname="com.meli.obtenerdiploma.ObetenerDiplomaApplicationTests" time="0.004"/>
</testsuite>